<?xml version="1.0" encoding="UTF-8"?>
<robot generator="Robot 3.2.1 (Python 3.8.2 on win32)" generated="20200525 15:59:50.372" rpa="false">
<suite id="s1" name="Tc1" source="C:\Users\motov\PycharmProjects\robotframe_001\Testcases\tc1.robot">
<test id="s1-t1" name="Open_Page">
<kw name="Open_browser_page">
<kw name="Open Browser" library="SeleniumLibrary">
<doc>Opens a new browser instance to the given ``url``.</doc>
<arguments>
<arg>${URL}</arg>
<arg>${browser}</arg>
</arguments>
<msg timestamp="20200525 15:59:50.950" level="INFO">Opening browser 'chrome' to base url 'https://demo.nopcommerce.com/'.</msg>
<status status="PASS" starttime="20200525 15:59:50.950" endtime="20200525 16:00:00.768"></status>
</kw>
<kw name="Maximize Browser Window" library="SeleniumLibrary">
<doc>Maximizes current browser window.</doc>
<status status="PASS" starttime="20200525 16:00:00.768" endtime="20200525 16:00:02.910"></status>
</kw>
<kw name="Sleep" library="BuiltIn">
<doc>Pauses the test executed for the given time.</doc>
<arguments>
<arg>5</arg>
</arguments>
<msg timestamp="20200525 16:00:07.912" level="INFO">Slept 5 seconds</msg>
<status status="PASS" starttime="20200525 16:00:02.910" endtime="20200525 16:00:07.912"></status>
</kw>
<kw name="Set Selenium Speed" library="SeleniumLibrary">
<doc>Sets the delay that is waited after each Selenium command.</doc>
<arguments>
<arg>1</arg>
</arguments>
<status status="PASS" starttime="20200525 16:00:07.912" endtime="20200525 16:00:07.912"></status>
</kw>
<kw name="Click Link" library="SeleniumLibrary">
<doc>Clicks a link identified by ``locator``.</doc>
<arguments>
<arg>xpath://a[@class='ico-login']</arg>
</arguments>
<msg timestamp="20200525 16:00:07.913" level="INFO">Clicking link 'xpath://a[@class='ico-login']'.</msg>
<status status="PASS" starttime="20200525 16:00:07.912" endtime="20200525 16:00:13.724"></status>
</kw>
<kw name="Input Text" library="SeleniumLibrary">
<doc>Types the given ``text`` into text field identified by ``locator``.</doc>
<arguments>
<arg>id:Email</arg>
<arg>vinicius.mpinho@gmail.com</arg>
</arguments>
<msg timestamp="20200525 16:00:13.724" level="INFO">Typing text 'vinicius.mpinho@gmail.com' into text field 'id:Email'.</msg>
<status status="PASS" starttime="20200525 16:00:13.724" endtime="20200525 16:00:17.063"></status>
</kw>
<kw name="Input Text" library="SeleniumLibrary">
<doc>Types the given ``text`` into text field identified by ``locator``.</doc>
<arguments>
<arg>id:Password</arg>
<arg>123mudar</arg>
</arguments>
<msg timestamp="20200525 16:00:17.063" level="INFO">Typing text '123mudar' into text field 'id:Password'.</msg>
<status status="PASS" starttime="20200525 16:00:17.063" endtime="20200525 16:00:20.259"></status>
</kw>
<kw name="Click Element" library="SeleniumLibrary">
<doc>Click element identified by ``locator``.</doc>
<arguments>
<arg>xpath://input[@class='button-1 login-button']</arg>
</arguments>
<msg timestamp="20200525 16:00:20.259" level="INFO">Clicking element 'xpath://input[@class='button-1 login-button']'.</msg>
<status status="PASS" starttime="20200525 16:00:20.259" endtime="20200525 16:00:23.176"></status>
</kw>
<kw name="Sleep" library="BuiltIn">
<doc>Pauses the test executed for the given time.</doc>
<arguments>
<arg>5</arg>
</arguments>
<msg timestamp="20200525 16:00:28.191" level="INFO">Slept 5 seconds</msg>
<status status="PASS" starttime="20200525 16:00:23.176" endtime="20200525 16:00:28.191"></status>
</kw>
<status status="PASS" starttime="20200525 15:59:50.935" endtime="20200525 16:00:28.191"></status>
</kw>
<kw name="Sleep" library="BuiltIn">
<doc>Pauses the test executed for the given time.</doc>
<arguments>
<arg>5</arg>
</arguments>
<msg timestamp="20200525 16:00:33.207" level="INFO">Slept 5 seconds</msg>
<status status="PASS" starttime="20200525 16:00:28.191" endtime="20200525 16:00:33.207"></status>
</kw>
<status status="PASS" starttime="20200525 15:59:50.935" endtime="20200525 16:00:33.207" critical="yes"></status>
</test>
<test id="s1-t2" name="Click_logout_page">
<kw name="click_logout_button">
<kw name="Click Element" library="SeleniumLibrary">
<doc>Click element identified by ``locator``.</doc>
<arguments>
<arg>xpath://a[@class='ico-logout']</arg>
</arguments>
<msg timestamp="20200525 16:00:33.207" level="INFO">Clicking element 'xpath://a[@class='ico-logout']'.</msg>
<kw name="Capture Page Screenshot" library="SeleniumLibrary">
<doc>Takes screenshot of the current page and embeds it into log file.</doc>
<msg timestamp="20200525 16:00:57.631" level="FAIL">WebDriverException: Message: chrome not reachable
  (Session info: chrome=81.0.4044.138)
</msg>
<status status="FAIL" starttime="20200525 16:00:45.387" endtime="20200525 16:00:57.631"></status>
</kw>
<msg timestamp="20200525 16:00:57.631" level="WARN">Keyword 'Capture Page Screenshot' could not be run on failure: WebDriverException: Message: chrome not reachable
  (Session info: chrome=81.0.4044.138)
</msg>
<msg timestamp="20200525 16:00:57.663" level="FAIL">WebDriverException: Message: chrome not reachable
  (Session info: chrome=81.0.4044.138)
</msg>
<status status="FAIL" starttime="20200525 16:00:33.207" endtime="20200525 16:00:57.663"></status>
</kw>
<status status="FAIL" starttime="20200525 16:00:33.207" endtime="20200525 16:00:57.663"></status>
</kw>
<status status="FAIL" starttime="20200525 16:00:33.207" endtime="20200525 16:00:57.663" critical="yes">WebDriverException: Message: chrome not reachable
  (Session info: chrome=81.0.4044.138)
</status>
</test>
<test id="s1-t3" name="Close_navigator">
<kw name="Close_pages_browser">
<kw name="Close Browser" library="SeleniumLibrary">
<doc>Closes the current browser.</doc>
<status status="PASS" starttime="20200525 16:00:57.663" endtime="20200525 16:01:00.697"></status>
</kw>
<status status="PASS" starttime="20200525 16:00:57.663" endtime="20200525 16:01:00.697"></status>
</kw>
<status status="PASS" starttime="20200525 16:00:57.663" endtime="20200525 16:01:00.697" critical="yes"></status>
</test>
<status status="FAIL" starttime="20200525 15:59:50.372" endtime="20200525 16:01:00.697"></status>
</suite>
<statistics>
<total>
<stat pass="2" fail="1">Critical Tests</stat>
<stat pass="2" fail="1">All Tests</stat>
</total>
<tag>
</tag>
<suite>
<stat pass="2" fail="1" id="s1" name="Tc1">Tc1</stat>
</suite>
</statistics>
<errors>
<msg timestamp="20200525 16:00:57.631" level="WARN">Keyword 'Capture Page Screenshot' could not be run on failure: WebDriverException: Message: chrome not reachable
  (Session info: chrome=81.0.4044.138)
</msg>
</errors>
</robot>
